<?xml version='1.1' encoding='UTF-8'?>
<result plugin="junit@1.28">
  <suites>
    <suite>
      <file>/Users/joudahidri/Documents/jenkins-plugin-authion/tuto/empty-plugin/jenkins-curfew-plugin/work/workspace/jaja/target/surefire-reports/TEST-transistics.ChallengeApplicationTests.xml</file>
      <name>transistics.ChallengeApplicationTests</name>
      <duration>0.009</duration>
      <time>0.009</time>
      <nodeId>41</nodeId>
      <enclosingBlocks>
        <string>39</string>
      </enclosingBlocks>
      <enclosingBlockNames>
        <string>Test</string>
      </enclosingBlockNames>
      <cases>
        <case>
          <duration>0.002</duration>
          <className>transistics.ChallengeApplicationTests</className>
          <testName>contextLoads</testName>
          <skipped>false</skipped>
          <failedSince>0</failedSince>
        </case>
      </cases>
    </suite>
    <suite>
      <file>/Users/joudahidri/Documents/jenkins-plugin-authion/tuto/empty-plugin/jenkins-curfew-plugin/work/workspace/jaja/target/surefire-reports/TEST-transistics.controller.TransisticsControllerTest.xml</file>
      <name>transistics.controller.TransisticsControllerTest</name>
      <duration>5.619</duration>
      <time>5.619</time>
      <nodeId>41</nodeId>
      <enclosingBlocks>
        <string>39</string>
      </enclosingBlocks>
      <enclosingBlockNames>
        <string>Test</string>
      </enclosingBlockNames>
      <cases>
        <case>
          <duration>0.451</duration>
          <className>transistics.controller.TransisticsControllerTest</className>
          <testName>testAddTransactionsWhenTransactionIsOld</testName>
          <skipped>false</skipped>
          <failedSince>0</failedSince>
        </case>
        <case>
          <duration>0.033</duration>
          <className>transistics.controller.TransisticsControllerTest</className>
          <testName>testAddTransactionsWhenTransactionIsRecent</testName>
          <skipped>false</skipped>
          <failedSince>0</failedSince>
        </case>
        <case>
          <duration>0.05</duration>
          <className>transistics.controller.TransisticsControllerTest</className>
          <testName>testGetStatistics</testName>
          <skipped>false</skipped>
          <failedSince>0</failedSince>
        </case>
      </cases>
    </suite>
    <suite>
      <file>/Users/joudahidri/Documents/jenkins-plugin-authion/tuto/empty-plugin/jenkins-curfew-plugin/work/workspace/jaja/target/surefire-reports/TEST-transistics.service.TransisticsServiceTest.xml</file>
      <name>transistics.service.TransisticsServiceTest</name>
      <duration>0.542</duration>
      <time>0.542</time>
      <nodeId>41</nodeId>
      <enclosingBlocks>
        <string>39</string>
      </enclosingBlocks>
      <enclosingBlockNames>
        <string>Test</string>
      </enclosingBlockNames>
      <cases>
        <case>
          <duration>0.003</duration>
          <className>transistics.service.TransisticsServiceTest</className>
          <testName>testRemoveAmount</testName>
          <skipped>false</skipped>
          <failedSince>0</failedSince>
        </case>
        <case>
          <duration>0.003</duration>
          <className>transistics.service.TransisticsServiceTest</className>
          <testName>testAddAmount</testName>
          <skipped>false</skipped>
          <failedSince>0</failedSince>
        </case>
      </cases>
    </suite>
  </suites>
  <duration>6.1699996</duration>
  <keepLongStdio>false</keepLongStdio>
</result>